timestamp: 2017-03-03T10:54:23.758034
CREATE TABLE auth_user(
    id INTEGER PRIMARY KEY AUTOINCREMENT,
    first_name CHAR(128),
    last_name CHAR(128),
    email CHAR(512),
    password CHAR(512),
    registration_key CHAR(512),
    reset_password_key CHAR(512),
    registration_id CHAR(512)
);
success!
timestamp: 2017-03-03T10:54:23.857576
CREATE TABLE auth_group(
    id INTEGER PRIMARY KEY AUTOINCREMENT,
    role CHAR(512),
    description TEXT
);
success!
timestamp: 2017-03-03T10:54:23.956926
CREATE TABLE auth_membership(
    id INTEGER PRIMARY KEY AUTOINCREMENT,
    user_id INTEGER REFERENCES auth_user (id) ON DELETE CASCADE  ,
    group_id INTEGER REFERENCES auth_group (id) ON DELETE CASCADE  
);
success!
timestamp: 2017-03-03T10:54:24.066691
CREATE TABLE auth_permission(
    id INTEGER PRIMARY KEY AUTOINCREMENT,
    group_id INTEGER REFERENCES auth_group (id) ON DELETE CASCADE  ,
    name CHAR(512),
    table_name CHAR(512),
    record_id INTEGER
);
success!
timestamp: 2017-03-03T10:54:24.173420
CREATE TABLE auth_event(
    id INTEGER PRIMARY KEY AUTOINCREMENT,
    time_stamp TIMESTAMP,
    client_ip CHAR(512),
    user_id INTEGER REFERENCES auth_user (id) ON DELETE CASCADE  ,
    origin CHAR(512),
    description TEXT
);
success!
timestamp: 2017-03-03T10:54:24.273313
CREATE TABLE auth_cas(
    id INTEGER PRIMARY KEY AUTOINCREMENT,
    user_id INTEGER REFERENCES auth_user (id) ON DELETE CASCADE  ,
    created_on TIMESTAMP,
    service CHAR(512),
    ticket CHAR(512),
    renew CHAR(1)
);
success!
timestamp: 2017-03-03T10:54:24.372874
CREATE TABLE contacto_emergencia(
    id INTEGER PRIMARY KEY AUTOINCREMENT,
    nombres CHAR(512),
    apellidos CHAR(512),
    direccion CHAR(512),
    relacion CHAR(512),
    telefono_habitacion CHAR(512),
    telefono_celular CHAR(512),
    Correo CHAR(512)
);
success!
timestamp: 2017-03-03T10:54:24.488189
CREATE TABLE decanato(
    id INTEGER PRIMARY KEY AUTOINCREMENT,
    nombre CHAR(512)
);
success!
timestamp: 2017-03-03T10:54:24.597798
CREATE TABLE coordinacion(
    id INTEGER PRIMARY KEY AUTOINCREMENT,
    nombre CHAR(512),
    decanato INTEGER REFERENCES decanato (id) ON DELETE CASCADE  
);
success!
timestamp: 2017-03-03T10:54:24.706666
CREATE TABLE carrera(
    id INTEGER PRIMARY KEY AUTOINCREMENT,
    codigo CHAR(512) UNIQUE,
    nombre CHAR(512),
    coordinacion INTEGER REFERENCES coordinacion (id) ON DELETE CASCADE  
);
success!
timestamp: 2017-03-03T10:54:24.812606
CREATE TABLE informacion_academica(
    id INTEGER PRIMARY KEY AUTOINCREMENT,
    sede CHAR(512),
    creditos_aprob INTEGER,
    indice DOUBLE,
    carrera INTEGER REFERENCES carrera (id) ON DELETE CASCADE  
);
success!
timestamp: 2017-03-03T10:54:24.928485
CREATE TABLE idioma(
    id INTEGER PRIMARY KEY AUTOINCREMENT,
    nombre CHAR(512)
);
success!
timestamp: 2017-03-03T10:54:25.044533
CREATE TABLE maneja_idioma(
    id INTEGER PRIMARY KEY AUTOINCREMENT,
    idioma INTEGER REFERENCES idioma (id) ON DELETE CASCADE  ,
    oral CHAR(512),
    escrito CHAR(512),
    lectura CHAR(512)
);
success!
timestamp: 2017-03-03T10:54:25.144883
CREATE TABLE redes_sociales(
    id INTEGER PRIMARY KEY AUTOINCREMENT,
    facebook CHAR(512),
    twitter CHAR(512),
    instagram CHAR(512)
);
success!
timestamp: 2017-03-03T10:54:25.260830
CREATE TABLE recaudos(
    id INTEGER PRIMARY KEY AUTOINCREMENT,
    informe_academico CHAR(512),
    carta_motivacion CHAR(512),
    curriculum_vitae CHAR(512),
    comprobante CHAR(512),
    constancias_cv CHAR(512),
    flujograma CHAR(512),
    programas_de_estudio CHAR(512),
    foto CHAR(512),
    carnet CHAR(512),
    cedula CHAR(512)
);
success!
timestamp: 2017-03-03T10:54:25.377422
CREATE TABLE actividades_complementarias(
    id INTEGER PRIMARY KEY AUTOINCREMENT,
    preparador CHAR(1),
    becado CHAR(1),
    actividad TEXT,
    centro_estudiantes CHAR(1)
);
success!
timestamp: 2017-03-03T10:54:25.492388
CREATE TABLE universidad(
    id INTEGER PRIMARY KEY AUTOINCREMENT,
    pais CHAR(512),
    nombre CHAR(512)
);
success!
timestamp: 2017-03-03T10:54:25.624807
CREATE TABLE convenio(
    id INTEGER PRIMARY KEY AUTOINCREMENT,
    nombre CHAR(512)
);
success!
timestamp: 2017-03-03T10:54:25.741426
CREATE TABLE universidad_convenio(
    id INTEGER PRIMARY KEY AUTOINCREMENT,
    universidad INTEGER REFERENCES universidad (id) ON DELETE CASCADE  ,
    convenio INTEGER REFERENCES convenio (id) ON DELETE CASCADE  ,
    cupos INTEGER
);
success!
timestamp: 2017-03-03T10:54:25.856370
CREATE TABLE datos_intercambio(
    id INTEGER PRIMARY KEY AUTOINCREMENT,
    univ INTEGER REFERENCES universidad (id) ON DELETE CASCADE  ,
    f_inicio DATE,
    f_fin DATE
);
success!
timestamp: 2017-03-03T10:54:25.965011
CREATE TABLE estudiante(
    id INTEGER PRIMARY KEY AUTOINCREMENT,
    carnet CHAR(512) UNIQUE,
    nombres CHAR(512),
    apellidos CHAR(512),
    cedula CHAR(512) UNIQUE,
    telefono_habitacion CHAR(512),
    telefono_celular CHAR(512),
    Correo CHAR(512),
    pasaporte CHAR(512),
    genero CHAR(512),
    nacionalidad CHAR(512),
    direccion CHAR(512),
    contacto_emergencia INTEGER REFERENCES contacto_emergencia (id) ON DELETE CASCADE  ,
    idioma_destino INTEGER REFERENCES maneja_idioma (id) ON DELETE CASCADE  ,
    redes_sociales INTEGER REFERENCES redes_sociales (id) ON DELETE CASCADE  ,
    info_academica INTEGER REFERENCES informacion_academica (id) ON DELETE CASCADE  ,
    recaudos INTEGER REFERENCES recaudos (id) ON DELETE CASCADE  ,
    act_comp INTEGER REFERENCES actividades_complementarias (id) ON DELETE CASCADE  ,
    op_interc_1 INTEGER REFERENCES datos_intercambio (id) ON DELETE CASCADE  ,
    op_interc_2 INTEGER REFERENCES datos_intercambio (id) ON DELETE CASCADE  
);
success!
