[2017-02-04 17:56:03] START
[2017-02-14 22:58:46] EDIT prueba1/models/datamodel_application.py: -1
[2017-02-14 22:59:53] EDIT prueba1/models/datamodel_application.py: 0
[2017-02-14 23:02:42] EDIT prueba1/models/datamodel_application.py: 0
[2017-02-14 23:39:53] EDIT prueba1/views/layout.html: 0
[2017-02-14 23:40:20] EDIT prueba1/views/layout.html: 0
[2017-02-14 23:41:18] EDIT prueba1/views/layout.html: 1
[2017-02-14 23:41:20] EDIT prueba1/views/layout.html: 0
[2017-02-14 23:42:22] EDIT prueba1/views/layout.html: 0
[2017-02-14 23:42:37] EDIT prueba1/views/layout.html: 0
[2017-02-14 23:56:40] EDIT prueba1/views/layout.html: 10
[2017-02-14 23:58:44] EDIT prueba1/views/layout.html: -1
[2017-02-14 23:59:45] EDIT prueba1/views/layout.html: 0
[2017-02-15 00:00:42] EDIT prueba1/views/layout.html: 0
[2017-02-15 00:01:07] EDIT prueba1/views/layout.html: -15
[2017-02-15 00:02:25] EDIT prueba1/views/layout.html: 12
[2017-02-15 00:02:57] EDIT prueba1/views/layout.html: 0
[2017-02-15 00:03:40] EDIT prueba1/views/layout.html: 0
[2017-02-15 00:03:55] EDIT prueba1/views/layout.html: 0
[2017-02-15 00:05:38] EDIT prueba1/views/layout.html: 0
[2017-02-15 00:05:54] EDIT prueba1/views/layout.html: 0
[2017-02-15 00:06:32] EDIT prueba1/views/layout.html: 1
[2017-02-15 00:06:38] EDIT prueba1/views/layout.html: 0
[2017-02-15 00:10:37] EDIT prueba1/views/layout.html: 6
[2017-02-15 00:10:43] EDIT prueba1/views/layout.html: 0
[2017-02-15 00:11:32] EDIT prueba1/views/layout.html: 7
[2017-02-15 00:13:13] EDIT prueba1/views/layout.html: 0
[2017-02-15 00:13:31] EDIT prueba1/views/layout.html: 0
[2017-02-15 00:15:57] EDIT prueba1/views/layout.html: 0
[2017-02-15 00:17:08] EDIT prueba1/views/layout.html: 6
[2017-02-15 00:18:45] EDIT prueba1/views/layout.html: 0
[2017-02-15 00:22:28] EDIT prueba1/views/layout.html: 7
[2017-02-15 00:23:30] EDIT prueba1/views/layout.html: 0
[2017-02-15 00:24:15] EDIT prueba1/views/layout.html: 0
[2017-02-15 00:26:01] EDIT prueba1/views/layout.html: 6
[2017-02-15 00:29:07] EDIT prueba1/views/layout.html: 0
[2017-02-15 00:40:27] CREATE layout2.html: 0
[2017-02-15 00:43:36] EDIT prueba1/views/layout2.html: 287
[2017-02-15 00:44:20] EDIT prueba1/views/home/index.html: 0
[2017-02-15 00:57:08] EDIT prueba1/views/home/index.html: 0
[2017-02-15 00:58:00] EDIT prueba1/views/home/user.html: 0
[2017-02-15 00:58:47] EDIT prueba1/views/home/register.html: 0
[2017-02-15 01:00:19] CREATE logged/index.html: 0
[2017-02-15 01:01:14] EDIT prueba1/views/logged/index.html: 0
[2017-02-15 01:02:54] EDIT prueba1/controllers/home.py: 5
[2017-02-15 01:03:04] EDIT prueba1/controllers/home.py: 0
[2017-02-15 01:04:08] EDIT prueba1/views/logged/index.html: 0
[2017-02-15 01:07:51] EDIT prueba1/views/layout.html: 0
